[2022-08-07 19:04:08,046] {taskinstance.py:1032} INFO - Dependencies all met for <TaskInstance: data_ingestion_gcs_dag.download_dataset_task scheduled__2022-01-01T00:00:00+00:00 [queued]>
[2022-08-07 19:04:08,084] {taskinstance.py:1032} INFO - Dependencies all met for <TaskInstance: data_ingestion_gcs_dag.download_dataset_task scheduled__2022-01-01T00:00:00+00:00 [queued]>
[2022-08-07 19:04:08,086] {taskinstance.py:1238} INFO - 
--------------------------------------------------------------------------------
[2022-08-07 19:04:08,087] {taskinstance.py:1239} INFO - Starting attempt 1 of 2
[2022-08-07 19:04:08,091] {taskinstance.py:1240} INFO - 
--------------------------------------------------------------------------------
[2022-08-07 19:04:08,141] {taskinstance.py:1259} INFO - Executing <Task(BashOperator): download_dataset_task> on 2022-01-01 00:00:00+00:00
[2022-08-07 19:04:08,151] {standard_task_runner.py:52} INFO - Started process 107 to run task
[2022-08-07 19:04:08,162] {standard_task_runner.py:76} INFO - Running: ['***', 'tasks', 'run', 'data_ingestion_gcs_dag', 'download_dataset_task', 'scheduled__2022-01-01T00:00:00+00:00', '--job-id', '3', '--raw', '--subdir', 'DAGS_FOLDER/data_ingestion_gcs_dag.py', '--cfg-path', '/tmp/tmp7f57zovw', '--error-file', '/tmp/tmpsg3k1zs1']
[2022-08-07 19:04:08,165] {standard_task_runner.py:77} INFO - Job 3: Subtask download_dataset_task
[2022-08-07 19:04:08,316] {logging_mixin.py:109} INFO - Running <TaskInstance: data_ingestion_gcs_dag.download_dataset_task scheduled__2022-01-01T00:00:00+00:00 [running]> on host cead62a122e1
[2022-08-07 19:04:08,409] {taskinstance.py:1426} INFO - Exporting the following env vars:
AIRFLOW_CTX_DAG_OWNER=***
AIRFLOW_CTX_DAG_ID=data_ingestion_gcs_dag
AIRFLOW_CTX_TASK_ID=download_dataset_task
AIRFLOW_CTX_EXECUTION_DATE=2022-01-01T00:00:00+00:00
AIRFLOW_CTX_DAG_RUN_ID=scheduled__2022-01-01T00:00:00+00:00
[2022-08-07 19:04:08,412] {subprocess.py:62} INFO - Tmp dir root location: 
 /tmp
[2022-08-07 19:04:08,416] {subprocess.py:74} INFO - Running command: ['bash', '-c', 'curl -sS https://d37ci6vzurychx.cloudfront.net/trip-data/yellow_tripdata_2021-01.parquet > /opt/***/yellow_tripdata_2021-01.parquet']
[2022-08-07 19:04:08,446] {subprocess.py:85} INFO - Output:
[2022-08-07 19:04:17,461] {subprocess.py:93} INFO - Command exited with return code 0
[2022-08-07 19:04:17,497] {taskinstance.py:1277} INFO - Marking task as SUCCESS. dag_id=data_ingestion_gcs_dag, task_id=download_dataset_task, execution_date=20220101T000000, start_date=20220807T190408, end_date=20220807T190417
[2022-08-07 19:04:17,572] {local_task_job.py:154} INFO - Task exited with return code 0
[2022-08-07 19:04:17,658] {local_task_job.py:264} INFO - 1 downstream tasks scheduled from follow-on schedule check
