[2022-08-07 19:03:01,448] {processor.py:163} INFO - Started process (PID=48) to work on /opt/airflow/dags/data_ingestion_gcs_dag.py
[2022-08-07 19:03:01,464] {processor.py:642} INFO - Processing file /opt/airflow/dags/data_ingestion_gcs_dag.py for tasks to queue
[2022-08-07 19:03:01,496] {logging_mixin.py:109} INFO - [2022-08-07 19:03:01,495] {dagbag.py:500} INFO - Filling up the DagBag from /opt/airflow/dags/data_ingestion_gcs_dag.py
[2022-08-07 19:03:06,986] {processor.py:654} INFO - DAG(s) dict_keys(['data_ingestion_gcs_dag']) retrieved from /opt/airflow/dags/data_ingestion_gcs_dag.py
[2022-08-07 19:03:19,772] {logging_mixin.py:109} INFO - [2022-08-07 19:03:19,772] {manager.py:496} INFO - Created Permission View: can edit on DAG:data_ingestion_gcs_dag
[2022-08-07 19:03:19,862] {logging_mixin.py:109} INFO - [2022-08-07 19:03:19,862] {manager.py:496} INFO - Created Permission View: can read on DAG:data_ingestion_gcs_dag
[2022-08-07 19:03:19,864] {logging_mixin.py:109} INFO - [2022-08-07 19:03:19,864] {dag.py:2396} INFO - Sync 1 DAGs
[2022-08-07 19:03:19,879] {logging_mixin.py:109} INFO - [2022-08-07 19:03:19,878] {dag.py:2415} INFO - Creating ORM DAG for data_ingestion_gcs_dag
[2022-08-07 19:03:19,896] {logging_mixin.py:109} INFO - [2022-08-07 19:03:19,896] {dag.py:2935} INFO - Setting next_dagrun for data_ingestion_gcs_dag to 2022-01-01T00:00:00+00:00
[2022-08-07 19:03:19,924] {processor.py:171} INFO - Processing /opt/airflow/dags/data_ingestion_gcs_dag.py took 18.503 seconds
[2022-08-07 19:03:50,456] {processor.py:163} INFO - Started process (PID=80) to work on /opt/airflow/dags/data_ingestion_gcs_dag.py
[2022-08-07 19:03:50,483] {processor.py:642} INFO - Processing file /opt/airflow/dags/data_ingestion_gcs_dag.py for tasks to queue
[2022-08-07 19:03:50,491] {logging_mixin.py:109} INFO - [2022-08-07 19:03:50,491] {dagbag.py:500} INFO - Filling up the DagBag from /opt/airflow/dags/data_ingestion_gcs_dag.py
[2022-08-07 19:03:52,762] {processor.py:654} INFO - DAG(s) dict_keys(['data_ingestion_gcs_dag']) retrieved from /opt/airflow/dags/data_ingestion_gcs_dag.py
[2022-08-07 19:03:52,782] {logging_mixin.py:109} INFO - [2022-08-07 19:03:52,782] {dag.py:2396} INFO - Sync 1 DAGs
[2022-08-07 19:03:52,843] {logging_mixin.py:109} INFO - [2022-08-07 19:03:52,843] {dag.py:2935} INFO - Setting next_dagrun for data_ingestion_gcs_dag to 2022-01-01T00:00:00+00:00
[2022-08-07 19:03:52,879] {processor.py:171} INFO - Processing /opt/airflow/dags/data_ingestion_gcs_dag.py took 2.452 seconds
[2022-08-07 19:04:23,499] {processor.py:163} INFO - Started process (PID=103) to work on /opt/airflow/dags/data_ingestion_gcs_dag.py
[2022-08-07 19:04:23,508] {processor.py:642} INFO - Processing file /opt/airflow/dags/data_ingestion_gcs_dag.py for tasks to queue
[2022-08-07 19:04:23,511] {logging_mixin.py:109} INFO - [2022-08-07 19:04:23,511] {dagbag.py:500} INFO - Filling up the DagBag from /opt/airflow/dags/data_ingestion_gcs_dag.py
[2022-08-07 19:04:24,662] {processor.py:654} INFO - DAG(s) dict_keys(['data_ingestion_gcs_dag']) retrieved from /opt/airflow/dags/data_ingestion_gcs_dag.py
[2022-08-07 19:04:24,674] {logging_mixin.py:109} INFO - [2022-08-07 19:04:24,674] {dag.py:2396} INFO - Sync 1 DAGs
[2022-08-07 19:04:24,710] {processor.py:171} INFO - Processing /opt/airflow/dags/data_ingestion_gcs_dag.py took 1.219 seconds
[2022-08-07 19:04:54,921] {processor.py:163} INFO - Started process (PID=127) to work on /opt/airflow/dags/data_ingestion_gcs_dag.py
[2022-08-07 19:04:54,924] {processor.py:642} INFO - Processing file /opt/airflow/dags/data_ingestion_gcs_dag.py for tasks to queue
[2022-08-07 19:04:54,927] {logging_mixin.py:109} INFO - [2022-08-07 19:04:54,927] {dagbag.py:500} INFO - Filling up the DagBag from /opt/airflow/dags/data_ingestion_gcs_dag.py
[2022-08-07 19:04:55,814] {processor.py:654} INFO - DAG(s) dict_keys(['data_ingestion_gcs_dag']) retrieved from /opt/airflow/dags/data_ingestion_gcs_dag.py
[2022-08-07 19:04:55,827] {logging_mixin.py:109} INFO - [2022-08-07 19:04:55,826] {dag.py:2396} INFO - Sync 1 DAGs
[2022-08-07 19:04:55,858] {processor.py:171} INFO - Processing /opt/airflow/dags/data_ingestion_gcs_dag.py took 0.942 seconds
[2022-08-07 19:05:26,602] {processor.py:163} INFO - Started process (PID=150) to work on /opt/airflow/dags/data_ingestion_gcs_dag.py
[2022-08-07 19:05:26,683] {processor.py:642} INFO - Processing file /opt/airflow/dags/data_ingestion_gcs_dag.py for tasks to queue
[2022-08-07 19:05:26,690] {logging_mixin.py:109} INFO - [2022-08-07 19:05:26,689] {dagbag.py:500} INFO - Filling up the DagBag from /opt/airflow/dags/data_ingestion_gcs_dag.py
[2022-08-07 19:05:28,141] {processor.py:654} INFO - DAG(s) dict_keys(['data_ingestion_gcs_dag']) retrieved from /opt/airflow/dags/data_ingestion_gcs_dag.py
[2022-08-07 19:05:28,160] {logging_mixin.py:109} INFO - [2022-08-07 19:05:28,160] {dag.py:2396} INFO - Sync 1 DAGs
[2022-08-07 19:05:28,215] {processor.py:171} INFO - Processing /opt/airflow/dags/data_ingestion_gcs_dag.py took 1.631 seconds
[2022-08-07 19:05:58,439] {processor.py:163} INFO - Started process (PID=175) to work on /opt/airflow/dags/data_ingestion_gcs_dag.py
[2022-08-07 19:05:58,445] {processor.py:642} INFO - Processing file /opt/airflow/dags/data_ingestion_gcs_dag.py for tasks to queue
[2022-08-07 19:05:58,450] {logging_mixin.py:109} INFO - [2022-08-07 19:05:58,449] {dagbag.py:500} INFO - Filling up the DagBag from /opt/airflow/dags/data_ingestion_gcs_dag.py
[2022-08-07 19:05:59,555] {processor.py:654} INFO - DAG(s) dict_keys(['data_ingestion_gcs_dag']) retrieved from /opt/airflow/dags/data_ingestion_gcs_dag.py
[2022-08-07 19:05:59,596] {logging_mixin.py:109} INFO - [2022-08-07 19:05:59,585] {dag.py:2396} INFO - Sync 1 DAGs
[2022-08-07 19:05:59,673] {processor.py:171} INFO - Processing /opt/airflow/dags/data_ingestion_gcs_dag.py took 1.239 seconds
[2022-08-07 19:06:29,801] {processor.py:163} INFO - Started process (PID=198) to work on /opt/airflow/dags/data_ingestion_gcs_dag.py
[2022-08-07 19:06:29,805] {processor.py:642} INFO - Processing file /opt/airflow/dags/data_ingestion_gcs_dag.py for tasks to queue
[2022-08-07 19:06:29,809] {logging_mixin.py:109} INFO - [2022-08-07 19:06:29,809] {dagbag.py:500} INFO - Filling up the DagBag from /opt/airflow/dags/data_ingestion_gcs_dag.py
[2022-08-07 19:06:31,902] {processor.py:654} INFO - DAG(s) dict_keys(['data_ingestion_gcs_dag']) retrieved from /opt/airflow/dags/data_ingestion_gcs_dag.py
[2022-08-07 19:06:31,926] {logging_mixin.py:109} INFO - [2022-08-07 19:06:31,925] {dag.py:2396} INFO - Sync 1 DAGs
[2022-08-07 19:06:31,973] {processor.py:171} INFO - Processing /opt/airflow/dags/data_ingestion_gcs_dag.py took 2.178 seconds
[2022-08-07 19:07:02,042] {processor.py:163} INFO - Started process (PID=229) to work on /opt/airflow/dags/data_ingestion_gcs_dag.py
[2022-08-07 19:07:02,047] {processor.py:642} INFO - Processing file /opt/airflow/dags/data_ingestion_gcs_dag.py for tasks to queue
[2022-08-07 19:07:02,050] {logging_mixin.py:109} INFO - [2022-08-07 19:07:02,050] {dagbag.py:500} INFO - Filling up the DagBag from /opt/airflow/dags/data_ingestion_gcs_dag.py
[2022-08-07 19:07:02,878] {processor.py:654} INFO - DAG(s) dict_keys(['data_ingestion_gcs_dag']) retrieved from /opt/airflow/dags/data_ingestion_gcs_dag.py
[2022-08-07 19:07:02,901] {logging_mixin.py:109} INFO - [2022-08-07 19:07:02,900] {dag.py:2396} INFO - Sync 1 DAGs
[2022-08-07 19:07:02,932] {processor.py:171} INFO - Processing /opt/airflow/dags/data_ingestion_gcs_dag.py took 0.896 seconds
[2022-08-07 19:07:33,667] {processor.py:163} INFO - Started process (PID=252) to work on /opt/airflow/dags/data_ingestion_gcs_dag.py
[2022-08-07 19:07:33,682] {processor.py:642} INFO - Processing file /opt/airflow/dags/data_ingestion_gcs_dag.py for tasks to queue
[2022-08-07 19:07:33,685] {logging_mixin.py:109} INFO - [2022-08-07 19:07:33,685] {dagbag.py:500} INFO - Filling up the DagBag from /opt/airflow/dags/data_ingestion_gcs_dag.py
[2022-08-07 19:07:34,941] {processor.py:654} INFO - DAG(s) dict_keys(['data_ingestion_gcs_dag']) retrieved from /opt/airflow/dags/data_ingestion_gcs_dag.py
[2022-08-07 19:07:34,961] {logging_mixin.py:109} INFO - [2022-08-07 19:07:34,961] {dag.py:2396} INFO - Sync 1 DAGs
[2022-08-07 19:07:34,997] {processor.py:171} INFO - Processing /opt/airflow/dags/data_ingestion_gcs_dag.py took 1.344 seconds
[2022-08-07 19:08:05,187] {processor.py:163} INFO - Started process (PID=275) to work on /opt/airflow/dags/data_ingestion_gcs_dag.py
[2022-08-07 19:08:05,191] {processor.py:642} INFO - Processing file /opt/airflow/dags/data_ingestion_gcs_dag.py for tasks to queue
[2022-08-07 19:08:05,193] {logging_mixin.py:109} INFO - [2022-08-07 19:08:05,193] {dagbag.py:500} INFO - Filling up the DagBag from /opt/airflow/dags/data_ingestion_gcs_dag.py
[2022-08-07 19:08:06,116] {processor.py:654} INFO - DAG(s) dict_keys(['data_ingestion_gcs_dag']) retrieved from /opt/airflow/dags/data_ingestion_gcs_dag.py
[2022-08-07 19:08:06,132] {logging_mixin.py:109} INFO - [2022-08-07 19:08:06,132] {dag.py:2396} INFO - Sync 1 DAGs
[2022-08-07 19:08:06,168] {processor.py:171} INFO - Processing /opt/airflow/dags/data_ingestion_gcs_dag.py took 0.986 seconds
