[2022-08-07 19:04:29,606] {taskinstance.py:1032} INFO - Dependencies all met for <TaskInstance: data_ingestion_gcs_dag.gcs_to_bigquery_task scheduled__2022-01-01T00:00:00+00:00 [queued]>
[2022-08-07 19:04:29,620] {taskinstance.py:1032} INFO - Dependencies all met for <TaskInstance: data_ingestion_gcs_dag.gcs_to_bigquery_task scheduled__2022-01-01T00:00:00+00:00 [queued]>
[2022-08-07 19:04:29,622] {taskinstance.py:1238} INFO - 
--------------------------------------------------------------------------------
[2022-08-07 19:04:29,623] {taskinstance.py:1239} INFO - Starting attempt 1 of 2
[2022-08-07 19:04:29,624] {taskinstance.py:1240} INFO - 
--------------------------------------------------------------------------------
[2022-08-07 19:04:29,640] {taskinstance.py:1259} INFO - Executing <Task(PythonOperator): gcs_to_bigquery_task> on 2022-01-01 00:00:00+00:00
[2022-08-07 19:04:29,647] {standard_task_runner.py:52} INFO - Started process 125 to run task
[2022-08-07 19:04:29,654] {standard_task_runner.py:76} INFO - Running: ['***', 'tasks', 'run', 'data_ingestion_gcs_dag', 'gcs_to_bigquery_task', 'scheduled__2022-01-01T00:00:00+00:00', '--job-id', '5', '--raw', '--subdir', 'DAGS_FOLDER/data_ingestion_gcs_dag.py', '--cfg-path', '/tmp/tmpc06qv_m1', '--error-file', '/tmp/tmpmq_2g00f']
[2022-08-07 19:04:29,656] {standard_task_runner.py:77} INFO - Job 5: Subtask gcs_to_bigquery_task
[2022-08-07 19:04:29,727] {logging_mixin.py:109} INFO - Running <TaskInstance: data_ingestion_gcs_dag.gcs_to_bigquery_task scheduled__2022-01-01T00:00:00+00:00 [running]> on host cead62a122e1
[2022-08-07 19:04:29,800] {taskinstance.py:1426} INFO - Exporting the following env vars:
AIRFLOW_CTX_DAG_OWNER=***
AIRFLOW_CTX_DAG_ID=data_ingestion_gcs_dag
AIRFLOW_CTX_TASK_ID=gcs_to_bigquery_task
AIRFLOW_CTX_EXECUTION_DATE=2022-01-01T00:00:00+00:00
AIRFLOW_CTX_DAG_RUN_ID=scheduled__2022-01-01T00:00:00+00:00
[2022-08-07 19:04:30,455] {python.py:175} INFO - Done. Returned value was: None
[2022-08-07 19:04:30,474] {taskinstance.py:1277} INFO - Marking task as SUCCESS. dag_id=data_ingestion_gcs_dag, task_id=gcs_to_bigquery_task, execution_date=20220101T000000, start_date=20220807T190429, end_date=20220807T190430
[2022-08-07 19:04:30,539] {local_task_job.py:154} INFO - Task exited with return code 0
[2022-08-07 19:04:30,579] {local_task_job.py:264} INFO - 0 downstream tasks scheduled from follow-on schedule check
